{"C:\\Users\\Anson\\Documents\\BCIT\\Term 2.5\\ACIT 2911 Agile\\Project files\\ACIT-2911-Project-G20\\database.js": {"path":"C:\\Users\\Anson\\Documents\\BCIT\\Term 2.5\\ACIT 2911 Agile\\Project files\\ACIT-2911-Project-G20\\database.js","statementMap":{"0":{"start":{"line":1,"column":15},"end":{"line":6,"column":2}},"1":{"start":{"line":8,"column":18},"end":{"line":30,"column":1}},"2":{"start":{"line":10,"column":8},"end":{"line":14,"column":9}},"3":{"start":{"line":11,"column":12},"end":{"line":13,"column":13}},"4":{"start":{"line":12,"column":16},"end":{"line":12,"column":29}},"5":{"start":{"line":16,"column":8},"end":{"line":16,"column":66}},"6":{"start":{"line":19,"column":8},"end":{"line":23,"column":9}},"7":{"start":{"line":20,"column":12},"end":{"line":22,"column":13}},"8":{"start":{"line":21,"column":16},"end":{"line":21,"column":29}},"9":{"start":{"line":24,"column":8},"end":{"line":26,"column":9}},"10":{"start":{"line":25,"column":12},"end":{"line":25,"column":24}},"11":{"start":{"line":28,"column":8},"end":{"line":28,"column":61}},"12":{"start":{"line":32,"column":0},"end":{"line":32,"column":41}}},"fnMap":{"0":{"name":"(anonymous_0)","decl":{"start":{"line":9,"column":13},"end":{"line":9,"column":14}},"loc":{"start":{"line":9,"column":24},"end":{"line":17,"column":5}},"line":9},"1":{"name":"(anonymous_1)","decl":{"start":{"line":18,"column":14},"end":{"line":18,"column":15}},"loc":{"start":{"line":18,"column":22},"end":{"line":29,"column":5}},"line":18}},"branchMap":{"0":{"loc":{"start":{"line":11,"column":12},"end":{"line":13,"column":13}},"type":"if","locations":[{"start":{"line":11,"column":12},"end":{"line":13,"column":13}},{"start":{"line":11,"column":12},"end":{"line":13,"column":13}}],"line":11},"1":{"loc":{"start":{"line":20,"column":12},"end":{"line":22,"column":13}},"type":"if","locations":[{"start":{"line":20,"column":12},"end":{"line":22,"column":13}},{"start":{"line":20,"column":12},"end":{"line":22,"column":13}}],"line":20},"2":{"loc":{"start":{"line":24,"column":8},"end":{"line":26,"column":9}},"type":"if","locations":[{"start":{"line":24,"column":8},"end":{"line":26,"column":9}},{"start":{"line":24,"column":8},"end":{"line":26,"column":9}}],"line":24}},"s":{"0":4,"1":4,"2":0,"3":0,"4":0,"5":0,"6":0,"7":0,"8":0,"9":0,"10":0,"11":0,"12":4},"f":{"0":0,"1":0},"b":{"0":[0,0],"1":[0,0],"2":[0,0]},"_coverageSchema":"1a1c01bbd47fc00a2c39e90264f33305004495a9","hash":"0039c6eb52ab5d0c3961ec0ed2a03e82399ad204"}
,"C:\\Users\\Anson\\Documents\\BCIT\\Term 2.5\\ACIT 2911 Agile\\Project files\\ACIT-2911-Project-G20\\index.js": {"path":"C:\\Users\\Anson\\Documents\\BCIT\\Term 2.5\\ACIT 2911 Agile\\Project files\\ACIT-2911-Project-G20\\index.js","statementMap":{"0":{"start":{"line":1,"column":16},"end":{"line":1,"column":34}},"1":{"start":{"line":2,"column":12},"end":{"line":2,"column":21}},"2":{"start":{"line":3,"column":13},"end":{"line":3,"column":28}},"3":{"start":{"line":4,"column":19},"end":{"line":4,"column":49}},"4":{"start":{"line":5,"column":16},"end":{"line":5,"column":42}},"5":{"start":{"line":6,"column":25},"end":{"line":6,"column":50}},"6":{"start":{"line":7,"column":15},"end":{"line":7,"column":33}},"7":{"start":{"line":8,"column":0},"end":{"line":8,"column":56}},"8":{"start":{"line":10,"column":26},"end":{"line":10,"column":68}},"9":{"start":{"line":11,"column":23},"end":{"line":11,"column":62}},"10":{"start":{"line":12,"column":17},"end":{"line":12,"column":49}},"11":{"start":{"line":13,"column":23},"end":{"line":13,"column":62}},"12":{"start":{"line":14,"column":54},"end":{"line":14,"column":87}},"13":{"start":{"line":17,"column":0},"end":{"line":17,"column":49}},"14":{"start":{"line":19,"column":0},"end":{"line":30,"column":2}},"15":{"start":{"line":32,"column":0},"end":{"line":32,"column":31}},"16":{"start":{"line":34,"column":0},"end":{"line":34,"column":28}},"17":{"start":{"line":36,"column":0},"end":{"line":36,"column":20}},"18":{"start":{"line":38,"column":0},"end":{"line":38,"column":30}},"19":{"start":{"line":41,"column":0},"end":{"line":41,"column":66}},"20":{"start":{"line":43,"column":0},"end":{"line":43,"column":68}},"21":{"start":{"line":45,"column":0},"end":{"line":45,"column":72}},"22":{"start":{"line":47,"column":0},"end":{"line":47,"column":74}},"23":{"start":{"line":49,"column":0},"end":{"line":49,"column":69}},"24":{"start":{"line":51,"column":0},"end":{"line":51,"column":79}},"25":{"start":{"line":53,"column":0},"end":{"line":53,"column":79}},"26":{"start":{"line":55,"column":0},"end":{"line":55,"column":68}},"27":{"start":{"line":57,"column":0},"end":{"line":57,"column":53}},"28":{"start":{"line":58,"column":0},"end":{"line":58,"column":47}},"29":{"start":{"line":59,"column":0},"end":{"line":59,"column":41}},"30":{"start":{"line":62,"column":0},"end":{"line":62,"column":49}},"31":{"start":{"line":64,"column":15},"end":{"line":68,"column":2}},"32":{"start":{"line":65,"column":4},"end":{"line":67,"column":6}},"33":{"start":{"line":70,"column":0},"end":{"line":70,"column":24}}},"fnMap":{"0":{"name":"(anonymous_0)","decl":{"start":{"line":64,"column":32},"end":{"line":64,"column":33}},"loc":{"start":{"line":64,"column":43},"end":{"line":68,"column":1}},"line":64}},"branchMap":{},"s":{"0":4,"1":4,"2":4,"3":4,"4":4,"5":4,"6":4,"7":4,"8":4,"9":4,"10":4,"11":4,"12":4,"13":4,"14":4,"15":4,"16":4,"17":4,"18":4,"19":4,"20":4,"21":4,"22":4,"23":4,"24":4,"25":4,"26":4,"27":4,"28":4,"29":4,"30":4,"31":4,"32":3,"33":4},"f":{"0":3},"b":{},"_coverageSchema":"1a1c01bbd47fc00a2c39e90264f33305004495a9","hash":"c3f0e06635ac6969786c70cc52140a38783fa782"}
,"C:\\Users\\Anson\\Documents\\BCIT\\Term 2.5\\ACIT 2911 Agile\\Project files\\ACIT-2911-Project-G20\\controller\\auth_controller.js": {"path":"C:\\Users\\Anson\\Documents\\BCIT\\Term 2.5\\ACIT 2911 Agile\\Project files\\ACIT-2911-Project-G20\\controller\\auth_controller.js","statementMap":{"0":{"start":{"line":1,"column":17},"end":{"line":1,"column":50}},"1":{"start":{"line":2,"column":15},"end":{"line":2,"column":37}},"2":{"start":{"line":3,"column":25},"end":{"line":3,"column":50}},"3":{"start":{"line":4,"column":15},"end":{"line":4,"column":33}},"4":{"start":{"line":6,"column":21},"end":{"line":53,"column":1}},"5":{"start":{"line":13,"column":8},"end":{"line":13,"column":24}},"6":{"start":{"line":14,"column":8},"end":{"line":14,"column":57}},"7":{"start":{"line":18,"column":8},"end":{"line":21,"column":27}},"8":{"start":{"line":26,"column":36},"end":{"line":26,"column":44}},"9":{"start":{"line":27,"column":8},"end":{"line":35,"column":9}},"10":{"start":{"line":28,"column":25},"end":{"line":30,"column":14}},"11":{"start":{"line":31,"column":12},"end":{"line":31,"column":39}},"12":{"start":{"line":34,"column":12},"end":{"line":34,"column":39}},"13":{"start":{"line":49,"column":8},"end":{"line":49,"column":21}},"14":{"start":{"line":50,"column":8},"end":{"line":50,"column":24}},"15":{"start":{"line":51,"column":8},"end":{"line":51,"column":30}},"16":{"start":{"line":55,"column":0},"end":{"line":55,"column":32}}},"fnMap":{"0":{"name":"(anonymous_0)","decl":{"start":{"line":12,"column":14},"end":{"line":12,"column":15}},"loc":{"start":{"line":12,"column":28},"end":{"line":15,"column":5}},"line":12},"1":{"name":"(anonymous_1)","decl":{"start":{"line":17,"column":17},"end":{"line":17,"column":18}},"loc":{"start":{"line":17,"column":37},"end":{"line":22,"column":5}},"line":17},"2":{"name":"(anonymous_2)","decl":{"start":{"line":23,"column":20},"end":{"line":23,"column":21}},"loc":{"start":{"line":23,"column":39},"end":{"line":47,"column":5}},"line":23},"3":{"name":"(anonymous_3)","decl":{"start":{"line":48,"column":12},"end":{"line":48,"column":13}},"loc":{"start":{"line":48,"column":26},"end":{"line":52,"column":5}},"line":48}},"branchMap":{},"s":{"0":4,"1":4,"2":4,"3":4,"4":4,"5":2,"6":2,"7":3,"8":1,"9":1,"10":1,"11":0,"12":1,"13":1,"14":1,"15":1,"16":4},"f":{"0":2,"1":3,"2":1,"3":1},"b":{},"_coverageSchema":"1a1c01bbd47fc00a2c39e90264f33305004495a9","hash":"f63f47a446cd247a023bd2124387c385d93c2d98"}
,"C:\\Users\\Anson\\Documents\\BCIT\\Term 2.5\\ACIT 2911 Agile\\Project files\\ACIT-2911-Project-G20\\controller\\expense_controller.js": {"path":"C:\\Users\\Anson\\Documents\\BCIT\\Term 2.5\\ACIT 2911 Agile\\Project files\\ACIT-2911-Project-G20\\controller\\expense_controller.js","statementMap":{"0":{"start":{"line":1,"column":25},"end":{"line":1,"column":50}},"1":{"start":{"line":2,"column":15},"end":{"line":2,"column":33}},"2":{"start":{"line":4,"column":24},"end":{"line":138,"column":1}},"3":{"start":{"line":6,"column":8},"end":{"line":21,"column":9}},"4":{"start":{"line":7,"column":26},"end":{"line":7,"column":42}},"5":{"start":{"line":8,"column":12},"end":{"line":8,"column":32}},"6":{"start":{"line":9,"column":25},"end":{"line":9,"column":35}},"7":{"start":{"line":10,"column":27},"end":{"line":12,"column":18}},"8":{"start":{"line":14,"column":25},"end":{"line":14,"column":39}},"9":{"start":{"line":15,"column":24},"end":{"line":15,"column":42}},"10":{"start":{"line":17,"column":12},"end":{"line":17,"column":93}},"11":{"start":{"line":20,"column":12},"end":{"line":20,"column":70}},"12":{"start":{"line":26,"column":8},"end":{"line":26,"column":37}},"13":{"start":{"line":30,"column":29},"end":{"line":34,"column":10}},"14":{"start":{"line":35,"column":8},"end":{"line":35,"column":76}},"15":{"start":{"line":49,"column":8},"end":{"line":63,"column":9}},"16":{"start":{"line":50,"column":26},"end":{"line":50,"column":42}},"17":{"start":{"line":51,"column":28},"end":{"line":59,"column":14}},"18":{"start":{"line":60,"column":12},"end":{"line":60,"column":38}},"19":{"start":{"line":62,"column":12},"end":{"line":62,"column":70}},"20":{"start":{"line":84,"column":30},"end":{"line":88,"column":10}},"21":{"start":{"line":89,"column":8},"end":{"line":89,"column":67}},"22":{"start":{"line":99,"column":30},"end":{"line":101,"column":10}},"23":{"start":{"line":102,"column":8},"end":{"line":102,"column":33}},"24":{"start":{"line":112,"column":52},"end":{"line":112,"column":60}},"25":{"start":{"line":113,"column":30},"end":{"line":123,"column":10}},"26":{"start":{"line":124,"column":8},"end":{"line":124,"column":34}},"27":{"start":{"line":140,"column":17},"end":{"line":146,"column":1}},"28":{"start":{"line":141,"column":16},"end":{"line":141,"column":17}},"29":{"start":{"line":142,"column":4},"end":{"line":144,"column":6}},"30":{"start":{"line":143,"column":8},"end":{"line":143,"column":46}},"31":{"start":{"line":145,"column":4},"end":{"line":145,"column":16}},"32":{"start":{"line":148,"column":0},"end":{"line":148,"column":35}}},"fnMap":{"0":{"name":"(anonymous_0)","decl":{"start":{"line":5,"column":10},"end":{"line":5,"column":11}},"loc":{"start":{"line":5,"column":29},"end":{"line":22,"column":5}},"line":5},"1":{"name":"(anonymous_1)","decl":{"start":{"line":25,"column":9},"end":{"line":25,"column":10}},"loc":{"start":{"line":25,"column":23},"end":{"line":27,"column":5}},"line":25},"2":{"name":"(anonymous_2)","decl":{"start":{"line":29,"column":13},"end":{"line":29,"column":14}},"loc":{"start":{"line":29,"column":32},"end":{"line":46,"column":5}},"line":29},"3":{"name":"(anonymous_3)","decl":{"start":{"line":48,"column":12},"end":{"line":48,"column":13}},"loc":{"start":{"line":48,"column":31},"end":{"line":81,"column":5}},"line":48},"4":{"name":"(anonymous_4)","decl":{"start":{"line":83,"column":10},"end":{"line":83,"column":11}},"loc":{"start":{"line":83,"column":29},"end":{"line":97,"column":5}},"line":83},"5":{"name":"(anonymous_5)","decl":{"start":{"line":98,"column":12},"end":{"line":98,"column":13}},"loc":{"start":{"line":98,"column":31},"end":{"line":109,"column":5}},"line":98},"6":{"name":"(anonymous_6)","decl":{"start":{"line":111,"column":12},"end":{"line":111,"column":13}},"loc":{"start":{"line":111,"column":31},"end":{"line":136,"column":5}},"line":111},"7":{"name":"(anonymous_7)","decl":{"start":{"line":140,"column":17},"end":{"line":140,"column":18}},"loc":{"start":{"line":140,"column":30},"end":{"line":146,"column":1}},"line":140},"8":{"name":"(anonymous_8)","decl":{"start":{"line":142,"column":21},"end":{"line":142,"column":22}},"loc":{"start":{"line":142,"column":32},"end":{"line":144,"column":5}},"line":142}},"branchMap":{},"s":{"0":4,"1":4,"2":4,"3":1,"4":1,"5":1,"6":1,"7":1,"8":1,"9":1,"10":1,"11":0,"12":1,"13":2,"14":2,"15":0,"16":0,"17":0,"18":0,"19":0,"20":0,"21":0,"22":0,"23":0,"24":0,"25":0,"26":0,"27":4,"28":1,"29":1,"30":2,"31":1,"32":4},"f":{"0":1,"1":1,"2":2,"3":0,"4":0,"5":0,"6":0,"7":1,"8":2},"b":{},"_coverageSchema":"1a1c01bbd47fc00a2c39e90264f33305004495a9","hash":"f1df5d9e3181d46099e6d97bc3309d075752856f"}
,"C:\\Users\\Anson\\Documents\\BCIT\\Term 2.5\\ACIT 2911 Agile\\Project files\\ACIT-2911-Project-G20\\controller\\user_controller.js": {"path":"C:\\Users\\Anson\\Documents\\BCIT\\Term 2.5\\ACIT 2911 Agile\\Project files\\ACIT-2911-Project-G20\\controller\\user_controller.js","statementMap":{"0":{"start":{"line":1,"column":18},"end":{"line":1,"column":50}},"1":{"start":{"line":2,"column":18},"end":{"line":2,"column":49}},"2":{"start":{"line":3,"column":25},"end":{"line":3,"column":50}},"3":{"start":{"line":4,"column":15},"end":{"line":4,"column":33}},"4":{"start":{"line":7,"column":36},"end":{"line":22,"column":1}},"5":{"start":{"line":10,"column":15},"end":{"line":15,"column":6}},"6":{"start":{"line":16,"column":4},"end":{"line":20,"column":5}},"7":{"start":{"line":17,"column":8},"end":{"line":19,"column":9}},"8":{"start":{"line":18,"column":12},"end":{"line":18,"column":23}},"9":{"start":{"line":21,"column":4},"end":{"line":21,"column":15}},"10":{"start":{"line":23,"column":20},"end":{"line":32,"column":1}},"11":{"start":{"line":25,"column":15},"end":{"line":27,"column":6}},"12":{"start":{"line":28,"column":4},"end":{"line":30,"column":5}},"13":{"start":{"line":29,"column":8},"end":{"line":29,"column":20}},"14":{"start":{"line":31,"column":4},"end":{"line":31,"column":16}},"15":{"start":{"line":35,"column":4},"end":{"line":35,"column":38}},"16":{"start":{"line":38,"column":21},"end":{"line":53,"column":1}},"17":{"start":{"line":39,"column":19},"end":{"line":39,"column":27}},"18":{"start":{"line":43,"column":17},"end":{"line":50,"column":10}},"19":{"start":{"line":52,"column":4},"end":{"line":52,"column":30}},"20":{"start":{"line":56,"column":0},"end":{"line":60,"column":2}}},"fnMap":{"0":{"name":"(anonymous_0)","decl":{"start":{"line":7,"column":36},"end":{"line":7,"column":37}},"loc":{"start":{"line":7,"column":62},"end":{"line":22,"column":1}},"line":7},"1":{"name":"(anonymous_1)","decl":{"start":{"line":23,"column":20},"end":{"line":23,"column":21}},"loc":{"start":{"line":23,"column":33},"end":{"line":32,"column":1}},"line":23},"2":{"name":"isUserValid","decl":{"start":{"line":34,"column":9},"end":{"line":34,"column":20}},"loc":{"start":{"line":34,"column":37},"end":{"line":36,"column":1}},"line":34},"3":{"name":"(anonymous_3)","decl":{"start":{"line":38,"column":21},"end":{"line":38,"column":22}},"loc":{"start":{"line":38,"column":40},"end":{"line":53,"column":1}},"line":38}},"branchMap":{"0":{"loc":{"start":{"line":16,"column":4},"end":{"line":20,"column":5}},"type":"if","locations":[{"start":{"line":16,"column":4},"end":{"line":20,"column":5}},{"start":{"line":16,"column":4},"end":{"line":20,"column":5}}],"line":16},"1":{"loc":{"start":{"line":17,"column":8},"end":{"line":19,"column":9}},"type":"if","locations":[{"start":{"line":17,"column":8},"end":{"line":19,"column":9}},{"start":{"line":17,"column":8},"end":{"line":19,"column":9}}],"line":17},"2":{"loc":{"start":{"line":28,"column":4},"end":{"line":30,"column":5}},"type":"if","locations":[{"start":{"line":28,"column":4},"end":{"line":30,"column":5}},{"start":{"line":28,"column":4},"end":{"line":30,"column":5}}],"line":28}},"s":{"0":4,"1":4,"2":4,"3":4,"4":4,"5":2,"6":0,"7":0,"8":0,"9":0,"10":4,"11":2,"12":0,"13":0,"14":0,"15":0,"16":4,"17":0,"18":0,"19":0,"20":4},"f":{"0":2,"1":2,"2":0,"3":0},"b":{"0":[0,0],"1":[0,0],"2":[0,0]},"_coverageSchema":"1a1c01bbd47fc00a2c39e90264f33305004495a9","hash":"35eb6eab1c7893828fbaeb5e8728305c364fba09"}
,"C:\\Users\\Anson\\Documents\\BCIT\\Term 2.5\\ACIT 2911 Agile\\Project files\\ACIT-2911-Project-G20\\middleware\\checkAuth.js": {"path":"C:\\Users\\Anson\\Documents\\BCIT\\Term 2.5\\ACIT 2911 Agile\\Project files\\ACIT-2911-Project-G20\\middleware\\checkAuth.js","statementMap":{"0":{"start":{"line":1,"column":0},"end":{"line":14,"column":2}},"1":{"start":{"line":3,"column":8},"end":{"line":5,"column":9}},"2":{"start":{"line":4,"column":12},"end":{"line":4,"column":26}},"3":{"start":{"line":6,"column":8},"end":{"line":6,"column":26}},"4":{"start":{"line":9,"column":8},"end":{"line":11,"column":9}},"5":{"start":{"line":10,"column":12},"end":{"line":10,"column":26}},"6":{"start":{"line":12,"column":8},"end":{"line":12,"column":34}}},"fnMap":{"0":{"name":"(anonymous_0)","decl":{"start":{"line":2,"column":25},"end":{"line":2,"column":26}},"loc":{"start":{"line":2,"column":50},"end":{"line":7,"column":5}},"line":2},"1":{"name":"(anonymous_1)","decl":{"start":{"line":8,"column":26},"end":{"line":8,"column":27}},"loc":{"start":{"line":8,"column":51},"end":{"line":13,"column":5}},"line":8}},"branchMap":{"0":{"loc":{"start":{"line":3,"column":8},"end":{"line":5,"column":9}},"type":"if","locations":[{"start":{"line":3,"column":8},"end":{"line":5,"column":9}},{"start":{"line":3,"column":8},"end":{"line":5,"column":9}}],"line":3},"1":{"loc":{"start":{"line":9,"column":8},"end":{"line":11,"column":9}},"type":"if","locations":[{"start":{"line":9,"column":8},"end":{"line":11,"column":9}},{"start":{"line":9,"column":8},"end":{"line":11,"column":9}}],"line":9}},"s":{"0":4,"1":3,"2":0,"3":3,"4":1,"5":1,"6":0},"f":{"0":3,"1":1},"b":{"0":[0,3],"1":[1,0]},"_coverageSchema":"1a1c01bbd47fc00a2c39e90264f33305004495a9","hash":"c9691d3be20f73746c86066aabdb2f54c4961bd1"}
,"C:\\Users\\Anson\\Documents\\BCIT\\Term 2.5\\ACIT 2911 Agile\\Project files\\ACIT-2911-Project-G20\\middleware\\passport.js": {"path":"C:\\Users\\Anson\\Documents\\BCIT\\Term 2.5\\ACIT 2911 Agile\\Project files\\ACIT-2911-Project-G20\\middleware\\passport.js","statementMap":{"0":{"start":{"line":1,"column":17},"end":{"line":1,"column":36}},"1":{"start":{"line":2,"column":22},"end":{"line":2,"column":56}},"2":{"start":{"line":3,"column":23},"end":{"line":3,"column":63}},"3":{"start":{"line":5,"column":19},"end":{"line":17,"column":1}},"4":{"start":{"line":10,"column":21},"end":{"line":10,"column":119}},"5":{"start":{"line":10,"column":102},"end":{"line":10,"column":118}},"6":{"start":{"line":11,"column":8},"end":{"line":15,"column":15}},"7":{"start":{"line":19,"column":0},"end":{"line":21,"column":3}},"8":{"start":{"line":20,"column":4},"end":{"line":20,"column":24}},"9":{"start":{"line":23,"column":0},"end":{"line":30,"column":3}},"10":{"start":{"line":24,"column":15},"end":{"line":24,"column":45}},"11":{"start":{"line":25,"column":4},"end":{"line":29,"column":5}},"12":{"start":{"line":26,"column":8},"end":{"line":26,"column":25}},"13":{"start":{"line":28,"column":8},"end":{"line":28,"column":50}},"14":{"start":{"line":32,"column":0},"end":{"line":32,"column":42}}},"fnMap":{"0":{"name":"(anonymous_0)","decl":{"start":{"line":9,"column":4},"end":{"line":9,"column":5}},"loc":{"start":{"line":9,"column":36},"end":{"line":16,"column":5}},"line":9},"1":{"name":"(anonymous_1)","decl":{"start":{"line":10,"column":93},"end":{"line":10,"column":94}},"loc":{"start":{"line":10,"column":102},"end":{"line":10,"column":118}},"line":10},"2":{"name":"(anonymous_2)","decl":{"start":{"line":19,"column":23},"end":{"line":19,"column":24}},"loc":{"start":{"line":19,"column":44},"end":{"line":21,"column":1}},"line":19},"3":{"name":"(anonymous_3)","decl":{"start":{"line":23,"column":25},"end":{"line":23,"column":26}},"loc":{"start":{"line":23,"column":44},"end":{"line":30,"column":1}},"line":23}},"branchMap":{"0":{"loc":{"start":{"line":11,"column":15},"end":{"line":15,"column":14}},"type":"cond-expr","locations":[{"start":{"line":12,"column":12},"end":{"line":12,"column":28}},{"start":{"line":13,"column":12},"end":{"line":15,"column":14}}],"line":11},"1":{"loc":{"start":{"line":25,"column":4},"end":{"line":29,"column":5}},"type":"if","locations":[{"start":{"line":25,"column":4},"end":{"line":29,"column":5}},{"start":{"line":25,"column":4},"end":{"line":29,"column":5}}],"line":25}},"s":{"0":4,"1":4,"2":4,"3":4,"4":0,"5":0,"6":0,"7":4,"8":0,"9":4,"10":0,"11":0,"12":0,"13":0,"14":4},"f":{"0":0,"1":0,"2":0,"3":0},"b":{"0":[0,0],"1":[0,0]},"_coverageSchema":"1a1c01bbd47fc00a2c39e90264f33305004495a9","hash":"efee4236a270c68afad6e1bb823f791732b230f4"}
}
