TN:
SF:database.js
FN:9,(anonymous_0)
FN:18,(anonymous_1)
FNF:2
FNH:0
FNDA:0,(anonymous_0)
FNDA:0,(anonymous_1)
DA:1,3
DA:8,3
DA:10,0
DA:11,0
DA:12,0
DA:16,0
DA:19,0
DA:20,0
DA:21,0
DA:24,0
DA:25,0
DA:28,0
DA:32,3
LF:13
LH:3
BRDA:11,0,0,0
BRDA:11,0,1,0
BRDA:20,1,0,0
BRDA:20,1,1,0
BRDA:24,2,0,0
BRDA:24,2,1,0
BRF:6
BRH:0
end_of_record
TN:
SF:index.js
FN:64,(anonymous_0)
FNF:1
FNH:1
FNDA:3,(anonymous_0)
DA:1,3
DA:2,3
DA:3,3
DA:4,3
DA:5,3
DA:6,3
DA:7,3
DA:8,3
DA:10,3
DA:11,3
DA:12,3
DA:13,3
DA:14,3
DA:17,3
DA:19,3
DA:32,3
DA:34,3
DA:36,3
DA:38,3
DA:41,3
DA:43,3
DA:45,3
DA:47,3
DA:49,3
DA:51,3
DA:53,3
DA:55,3
DA:57,3
DA:58,3
DA:59,3
DA:62,3
DA:64,3
DA:65,3
DA:70,3
LF:34
LH:34
BRF:0
BRH:0
end_of_record
TN:
SF:controller\auth_controller.js
FN:12,(anonymous_0)
FN:17,(anonymous_1)
FN:23,(anonymous_2)
FN:48,(anonymous_3)
FNF:4
FNH:4
FNDA:1,(anonymous_0)
FNDA:2,(anonymous_1)
FNDA:2,(anonymous_2)
FNDA:1,(anonymous_3)
DA:1,3
DA:2,3
DA:3,3
DA:4,3
DA:6,3
DA:13,1
DA:14,1
DA:18,2
DA:26,2
DA:27,1
DA:28,1
DA:31,0
DA:34,1
DA:49,1
DA:50,1
DA:51,1
DA:55,3
LF:17
LH:16
BRF:0
BRH:0
end_of_record
TN:
SF:controller\expense_controller.js
FN:5,(anonymous_0)
FN:25,(anonymous_1)
FN:29,(anonymous_2)
FN:48,(anonymous_3)
FN:83,(anonymous_4)
FN:98,(anonymous_5)
FN:111,(anonymous_6)
FN:140,(anonymous_7)
FN:142,(anonymous_8)
FNF:9
FNH:6
FNDA:1,(anonymous_0)
FNDA:1,(anonymous_1)
FNDA:2,(anonymous_2)
FNDA:0,(anonymous_3)
FNDA:1,(anonymous_4)
FNDA:0,(anonymous_5)
FNDA:0,(anonymous_6)
FNDA:1,(anonymous_7)
FNDA:2,(anonymous_8)
DA:1,3
DA:2,3
DA:4,3
DA:6,1
DA:7,1
DA:8,1
DA:9,1
DA:10,1
DA:14,1
DA:15,1
DA:17,1
DA:20,0
DA:26,1
DA:30,2
DA:35,2
DA:49,0
DA:50,0
DA:51,0
DA:60,0
DA:62,0
DA:84,1
DA:89,1
DA:99,0
DA:102,0
DA:112,0
DA:113,0
DA:124,0
DA:140,3
DA:141,1
DA:142,1
DA:143,2
DA:145,1
DA:148,3
LF:33
LH:22
BRF:0
BRH:0
end_of_record
TN:
SF:controller\user_controller.js
FN:7,(anonymous_0)
FN:23,(anonymous_1)
FN:34,isUserValid
FN:38,(anonymous_3)
FNF:4
FNH:2
FNDA:2,(anonymous_0)
FNDA:2,(anonymous_1)
FNDA:0,isUserValid
FNDA:0,(anonymous_3)
DA:1,3
DA:2,3
DA:3,3
DA:4,3
DA:7,3
DA:10,2
DA:16,2
DA:17,0
DA:18,0
DA:21,2
DA:23,3
DA:25,2
DA:28,2
DA:29,0
DA:31,2
DA:35,0
DA:38,3
DA:39,0
DA:43,0
DA:52,0
DA:56,3
LF:21
LH:14
BRDA:16,0,0,0
BRDA:16,0,1,2
BRDA:17,1,0,0
BRDA:17,1,1,0
BRDA:28,2,0,0
BRDA:28,2,1,2
BRF:6
BRH:2
end_of_record
TN:
SF:middleware\checkAuth.js
FN:2,(anonymous_0)
FN:8,(anonymous_1)
FNF:2
FNH:0
FNDA:0,(anonymous_0)
FNDA:0,(anonymous_1)
DA:1,3
DA:3,0
DA:4,0
DA:6,0
DA:9,0
DA:10,0
DA:12,0
LF:7
LH:1
BRDA:3,0,0,0
BRDA:3,0,1,0
BRDA:9,1,0,0
BRDA:9,1,1,0
BRF:4
BRH:0
end_of_record
TN:
SF:middleware\passport.js
FN:9,(anonymous_0)
FN:10,(anonymous_1)
FN:19,(anonymous_2)
FN:23,(anonymous_3)
FNF:4
FNH:0
FNDA:0,(anonymous_0)
FNDA:0,(anonymous_1)
FNDA:0,(anonymous_2)
FNDA:0,(anonymous_3)
DA:1,3
DA:2,3
DA:3,3
DA:5,3
DA:10,0
DA:11,0
DA:19,3
DA:20,0
DA:23,3
DA:24,0
DA:25,0
DA:26,0
DA:28,0
DA:32,3
LF:14
LH:7
BRDA:11,0,0,0
BRDA:11,0,1,0
BRDA:25,1,0,0
BRDA:25,1,1,0
BRF:4
BRH:0
end_of_record
