TN:
SF:database.js
FN:9,(anonymous_0)
FN:18,(anonymous_1)
FNF:2
FNH:0
FNDA:0,(anonymous_0)
FNDA:0,(anonymous_1)
DA:1,2
DA:8,2
DA:10,0
DA:11,0
DA:12,0
DA:16,0
DA:19,0
DA:20,0
DA:21,0
DA:24,0
DA:25,0
DA:28,0
DA:32,2
LF:13
LH:3
BRDA:11,0,0,0
BRDA:11,0,1,0
BRDA:20,1,0,0
BRDA:20,1,1,0
BRDA:24,2,0,0
BRDA:24,2,1,0
BRF:6
BRH:0
end_of_record
TN:
SF:index.js
FN:61,(anonymous_0)
FNF:1
FNH:1
FNDA:1,(anonymous_0)
DA:1,2
DA:2,2
DA:3,2
DA:4,2
DA:5,2
DA:6,2
DA:7,2
DA:8,2
DA:10,2
DA:11,2
DA:12,2
DA:13,2
DA:14,2
DA:17,2
DA:19,2
DA:32,2
DA:34,2
DA:36,2
DA:38,2
DA:41,2
DA:43,2
DA:45,2
DA:47,2
DA:49,2
DA:51,2
DA:53,2
DA:55,2
DA:56,2
DA:57,2
DA:58,2
DA:59,2
DA:61,2
DA:62,1
DA:67,2
LF:34
LH:34
BRF:0
BRH:0
end_of_record
TN:
SF:controller\auth_controller.js
FN:7,(anonymous_0)
FN:12,(anonymous_1)
FN:17,(anonymous_2)
FN:23,(anonymous_3)
FN:48,(anonymous_4)
FNF:5
FNH:0
FNDA:0,(anonymous_0)
FNDA:0,(anonymous_1)
FNDA:0,(anonymous_2)
FNDA:0,(anonymous_3)
FNDA:0,(anonymous_4)
DA:1,2
DA:2,2
DA:3,2
DA:4,2
DA:6,2
DA:8,0
DA:9,0
DA:13,0
DA:14,0
DA:18,0
DA:26,0
DA:27,0
DA:28,0
DA:31,0
DA:34,0
DA:49,0
DA:50,0
DA:51,0
DA:55,2
LF:19
LH:6
BRF:0
BRH:0
end_of_record
TN:
SF:controller\expense_controller.js
FN:6,(anonymous_0)
FN:20,(anonymous_1)
FN:24,(anonymous_2)
FN:43,(anonymous_3)
FN:78,(anonymous_4)
FN:93,(anonymous_5)
FN:106,(anonymous_6)
FNF:7
FNH:0
FNDA:0,(anonymous_0)
FNDA:0,(anonymous_1)
FNDA:0,(anonymous_2)
FNDA:0,(anonymous_3)
FNDA:0,(anonymous_4)
FNDA:0,(anonymous_5)
FNDA:0,(anonymous_6)
DA:1,2
DA:2,2
DA:3,2
DA:5,2
DA:7,0
DA:8,0
DA:9,0
DA:10,0
DA:13,0
DA:15,0
DA:21,0
DA:25,0
DA:30,0
DA:44,0
DA:45,0
DA:46,0
DA:55,0
DA:57,0
DA:79,0
DA:84,0
DA:94,0
DA:97,0
DA:107,0
DA:108,0
DA:119,0
DA:134,2
LF:26
LH:5
BRF:0
BRH:0
end_of_record
TN:
SF:controller\user_controller.js
FN:7,(anonymous_0)
FN:23,(anonymous_1)
FN:34,isUserValid
FNF:3
FNH:2
FNDA:2,(anonymous_0)
FNDA:2,(anonymous_1)
FNDA:0,isUserValid
DA:1,2
DA:2,2
DA:3,2
DA:4,2
DA:7,2
DA:10,2
DA:16,0
DA:17,0
DA:18,0
DA:21,0
DA:23,2
DA:25,2
DA:28,0
DA:29,0
DA:31,0
DA:35,0
DA:39,2
LF:17
LH:9
BRDA:16,0,0,0
BRDA:16,0,1,0
BRDA:17,1,0,0
BRDA:17,1,1,0
BRDA:28,2,0,0
BRDA:28,2,1,0
BRF:6
BRH:0
end_of_record
TN:
SF:middleware\checkAuth.js
FN:2,(anonymous_0)
FN:8,(anonymous_1)
FNF:2
FNH:1
FNDA:2,(anonymous_0)
FNDA:0,(anonymous_1)
DA:1,2
DA:3,2
DA:4,0
DA:6,2
DA:9,0
DA:10,0
DA:12,0
LF:7
LH:3
BRDA:3,0,0,0
BRDA:3,0,1,2
BRDA:9,1,0,0
BRDA:9,1,1,0
BRF:4
BRH:1
end_of_record
TN:
SF:middleware\passport.js
FN:9,(anonymous_0)
FN:10,(anonymous_1)
FN:19,(anonymous_2)
FN:23,(anonymous_3)
FNF:4
FNH:0
FNDA:0,(anonymous_0)
FNDA:0,(anonymous_1)
FNDA:0,(anonymous_2)
FNDA:0,(anonymous_3)
DA:1,2
DA:2,2
DA:3,2
DA:5,2
DA:10,0
DA:11,0
DA:19,2
DA:20,0
DA:23,2
DA:24,0
DA:25,0
DA:26,0
DA:28,0
DA:32,2
LF:14
LH:7
BRDA:11,0,0,0
BRDA:11,0,1,0
BRDA:25,1,0,0
BRDA:25,1,1,0
BRF:4
BRH:0
end_of_record
